  application.cpp
  main.cpp
  model.cpp
  object3d.cpp
  octree.cpp
  quadtree.cpp
D:\lessons\computer graphics\assignments\hierarchical_zbuffer\quadtree.cpp(321,41): warning C4244: “+=”: 从“float”转换到“int”，可能丢失数据
D:\lessons\computer graphics\assignments\hierarchical_zbuffer\quadtree.cpp(332,11): warning C4244: “初始化”: 从“int”转换到“float”，可能丢失数据
D:\lessons\computer graphics\assignments\hierarchical_zbuffer\quadtree.cpp(333,11): warning C4244: “初始化”: 从“int”转换到“float”，可能丢失数据
  scanline_renderer.cpp
D:\lessons\computer graphics\assignments\hierarchical_zbuffer\scanline_renderer.cpp(166,69): warning C4244: “=”: 从“T”转换到“int”，可能丢失数据
          with
          [
              T=float
          ]
D:\lessons\computer graphics\assignments\hierarchical_zbuffer\scanline_renderer.cpp(167,69): warning C4244: “=”: 从“T”转换到“int”，可能丢失数据
          with
          [
              T=float
          ]
D:\lessons\computer graphics\assignments\hierarchical_zbuffer\scanline_renderer.cpp(191,76): warning C4244: “+=”: 从“double”转换到“float”，可能丢失数据
D:\lessons\computer graphics\assignments\hierarchical_zbuffer\scanline_renderer.cpp(192,76): warning C4244: “+=”: 从“double”转换到“float”，可能丢失数据
D:\lessons\computer graphics\assignments\hierarchical_zbuffer\scanline_renderer.cpp(195,73): warning C4244: “-=”: 从“double”转换到“float”，可能丢失数据
D:\lessons\computer graphics\assignments\hierarchical_zbuffer\scanline_renderer.cpp(262,49): warning C4244: “=”: 从“double”转换到“float”，可能丢失数据
D:\lessons\computer graphics\assignments\hierarchical_zbuffer\scanline_renderer.cpp(318,29): warning C4244: “=”: 从“int”转换到“float”，可能丢失数据
D:\lessons\computer graphics\assignments\hierarchical_zbuffer\scanline_renderer.cpp(319,30): warning C4244: “=”: 从“int”转换到“float”，可能丢失数据
D:\lessons\computer graphics\assignments\hierarchical_zbuffer\scanline_renderer.cpp(341,15): warning C4244: “初始化”: 从“float”转换到“int”，可能丢失数据
D:\lessons\computer graphics\assignments\hierarchical_zbuffer\scanline_renderer.cpp(380,41): warning C4244: “=”: 从“int”转换到“float”，可能丢失数据
D:\lessons\computer graphics\assignments\hierarchical_zbuffer\scanline_renderer.cpp(386,41): warning C4244: “=”: 从“int”转换到“float”，可能丢失数据
  正在生成代码
D:\lessons\computer graphics\assignments\hierarchical_zbuffer\object3d.cpp(440): warning C4715: “Object3D::eulerAnglesToQuaternion”: 不是所有的控件路径都返回值
  4 of 2173 functions ( 0.2%) were compiled, the rest were copied from previous compilation.
    0 functions were new in current compilation
    5 functions had inline decision re-evaluated but remain unchanged
  已完成代码的生成
  hierarchical_zbuffer.vcxproj -> D:\lessons\computer graphics\assignments\x64\Release\hierarchical_zbuffer.exe
